[debug] [2019-06-04T10:28:29.633Z] ----------------------------------------------------------------------
[debug] [2019-06-04T10:28:29.635Z] Command:       /usr/bin/node /usr/bin/firebase init functions
[debug] [2019-06-04T10:28:29.636Z] CLI Version:   6.10.0
[debug] [2019-06-04T10:28:29.636Z] Platform:      linux
[debug] [2019-06-04T10:28:29.636Z] Node Version:  v11.15.0
[debug] [2019-06-04T10:28:29.636Z] Time:          Tue Jun 04 2019 15:58:29 GMT+0530 (India Standard Time)
[debug] [2019-06-04T10:28:29.636Z] ----------------------------------------------------------------------
[debug] 
[debug] [2019-06-04T10:28:29.642Z] > command requires scopes: ["email","openid","https://www.googleapis.com/auth/cloudplatformprojects.readonly","https://www.googleapis.com/auth/firebase","https://www.googleapis.com/auth/cloud-platform"]
[debug] [2019-06-04T10:28:29.642Z] > authorizing via signed-in user
[info] 
     ######## #### ########  ######## ########     ###     ######  ########
     ##        ##  ##     ## ##       ##     ##  ##   ##  ##       ##
     ######    ##  ########  ######   ########  #########  ######  ######
     ##        ##  ##    ##  ##       ##     ## ##     ##       ## ##
     ##       #### ##     ## ######## ########  ##     ##  ######  ########

You're about to initialize a Firebase project in this directory:

  /home/protagonist26/AndroidStudioProjects/RemoteNotifier

[info] 
=== Project Setup
[info] 
[info] First, let's associate this project directory with a Firebase project.
[info] You can create multiple project aliases by running firebase use --add, 
[info] but for now we'll just set up a default project.
[info] 
[debug] [2019-06-04T10:28:29.648Z] > refreshing access token with scopes: ["email","https://www.googleapis.com/auth/cloud-platform","https://www.googleapis.com/auth/cloudplatformprojects.readonly","https://www.googleapis.com/auth/firebase","openid"]
[debug] [2019-06-04T10:28:29.648Z] >>> HTTP REQUEST POST https://www.googleapis.com/oauth2/v3/token  
 <request body omitted>
[debug] [2019-06-04T10:28:29.938Z] <<< HTTP RESPONSE 200
[debug] [2019-06-04T10:28:30.094Z] >>> HTTP REQUEST GET https://firebase.googleapis.com/v1beta1/projects?page_size=100  
 
[debug] [2019-06-04T10:28:30.718Z] <<< HTTP RESPONSE 200
